gyp info it worked if it ends with ok
gyp info using node-gyp@5.0.5
gyp info using node@12.11.0 | darwin | x64
gyp info find Python using Python version 2.7.10 found at "/usr/bin/python"
gyp info spawn /usr/bin/python
gyp info spawn args [
gyp info spawn args   '/usr/local/lib/node_modules/npm/node_modules/node-gyp/gyp/gyp_main.py',
gyp info spawn args   'binding.gyp',
gyp info spawn args   '-f',
gyp info spawn args   'make',
gyp info spawn args   '-I',
gyp info spawn args   '/Users/quanth/Documents/DecentralizedTwitter/node_modules/@web3-js/websocket/build/config.gypi',
gyp info spawn args   '-I',
gyp info spawn args   '/usr/local/lib/node_modules/npm/node_modules/node-gyp/addon.gypi',
gyp info spawn args   '-I',
gyp info spawn args   '/Users/quanth/Library/Caches/node-gyp/12.11.0/include/node/common.gypi',
gyp info spawn args   '-Dlibrary=shared_library',
gyp info spawn args   '-Dvisibility=default',
gyp info spawn args   '-Dnode_root_dir=/Users/quanth/Library/Caches/node-gyp/12.11.0',
gyp info spawn args   '-Dnode_gyp_dir=/usr/local/lib/node_modules/npm/node_modules/node-gyp',
gyp info spawn args   '-Dnode_lib_file=/Users/quanth/Library/Caches/node-gyp/12.11.0/<(target_arch)/node.lib',
gyp info spawn args   '-Dmodule_root_dir=/Users/quanth/Documents/DecentralizedTwitter/node_modules/@web3-js/websocket',
gyp info spawn args   '-Dnode_engine=v8',
gyp info spawn args   '--depth=.',
gyp info spawn args   '--no-parallel',
gyp info spawn args   '--generator-output',
gyp info spawn args   'build',
gyp info spawn args   '-Goutput_dir=.'
gyp info spawn args ]
gyp info spawn make
gyp info spawn args [ 'BUILDTYPE=Release', '-C', 'build' ]
../src/bufferutil.cc:34:86: error: too few arguments to function call, single argument 'context' was not specified
    Nan::Set(target, Nan::New<String>("BufferUtil").ToLocalChecked(), t->GetFunction());
                                                                      ~~~~~~~~~~~~~~ ^
/Users/quanth/Library/Caches/node-gyp/12.11.0/include/node/v8.h:5995:3: note: 'GetFunction' declared here
  V8_WARN_UNUSED_RESULT MaybeLocal<Function> GetFunction(
  ^
/Users/quanth/Library/Caches/node-gyp/12.11.0/include/node/v8config.h:351:31: note: expanded from macro 'V8_WARN_UNUSED_RESULT'
#define V8_WARN_UNUSED_RESULT __attribute__((warn_unused_result))
                              ^
../src/bufferutil.cc:50:40: error: no matching member function for call to 'ToObject'
    Local<Object> bufferObj = info[0]->ToObject();
                              ~~~~~~~~~^~~~~~~~
/Users/quanth/Library/Caches/node-gyp/12.11.0/include/node/v8.h:2576:44: note: candidate function not viable: requires single argument 'context', but no arguments were provided
  V8_WARN_UNUSED_RESULT MaybeLocal<Object> ToObject(
                                           ^
/Users/quanth/Library/Caches/node-gyp/12.11.0/include/node/v8.h:2590:31: note: candidate function not viable: requires single argument 'isolate', but no arguments were provided
                Local<Object> ToObject(Isolate* isolate) const);
                              ^
../src/bufferutil.cc:57:42: error: no matching member function for call to 'ToObject'
      Local<Object> src = array->Get(i)->ToObject();
                          ~~~~~~~~~~~~~~~^~~~~~~~
/Users/quanth/Library/Caches/node-gyp/12.11.0/include/node/v8.h:2576:44: note: candidate function not viable: requires single argument 'context', but no arguments were provided
  V8_WARN_UNUSED_RESULT MaybeLocal<Object> ToObject(
                                           ^
/Users/quanth/Library/Caches/node-gyp/12.11.0/include/node/v8.h:2590:31: note: candidate function not viable: requires single argument 'isolate', but no arguments were provided
                Local<Object> ToObject(Isolate* isolate) const);
                              ^
../src/bufferutil.cc:57:34: warning: 'Get' is deprecated: Use maybe version [-Wdeprecated-declarations]
      Local<Object> src = array->Get(i)->ToObject();
                                 ^
/Users/quanth/Library/Caches/node-gyp/12.11.0/include/node/v8.h:3461:3: note: 'Get' has been explicitly marked deprecated here
  V8_DEPRECATED("Use maybe version", Local<Value> Get(uint32_t index));
  ^
/Users/quanth/Library/Caches/node-gyp/12.11.0/include/node/v8config.h:311:29: note: expanded from macro 'V8_DEPRECATED'
  declarator __attribute__((deprecated(message)))
                            ^
../src/bufferutil.cc:68:41: error: no matching member function for call to 'ToObject'
    Local<Object> buffer_obj = info[0]->ToObject();
                               ~~~~~~~~~^~~~~~~~
/Users/quanth/Library/Caches/node-gyp/12.11.0/include/node/v8.h:2576:44: note: candidate function not viable: requires single argument 'context', but no arguments were provided
  V8_WARN_UNUSED_RESULT MaybeLocal<Object> ToObject(
                                           ^
/Users/quanth/Library/Caches/node-gyp/12.11.0/include/node/v8.h:2590:31: note: candidate function not viable: requires single argument 'isolate', but no arguments were provided
                Local<Object> ToObject(Isolate* isolate) const);
                              ^
../src/bufferutil.cc:70:39: error: no matching member function for call to 'ToObject'
    Local<Object> mask_obj = info[1]->ToObject();
                             ~~~~~~~~~^~~~~~~~
/Users/quanth/Library/Caches/node-gyp/12.11.0/include/node/v8.h:2576:44: note: candidate function not viable: requires single argument 'context', but no arguments were provided
  V8_WARN_UNUSED_RESULT MaybeLocal<Object> ToObject(
                                           ^
/Users/quanth/Library/Caches/node-gyp/12.11.0/include/node/v8.h:2590:31: note: candidate function not viable: requires single argument 'isolate', but no arguments were provided
                Local<Object> ToObject(Isolate* isolate) const);
                              ^
../src/bufferutil.cc:89:41: error: no matching member function for call to 'ToObject'
    Local<Object> buffer_obj = info[0]->ToObject();
                               ~~~~~~~~~^~~~~~~~
/Users/quanth/Library/Caches/node-gyp/12.11.0/include/node/v8.h:2576:44: note: candidate function not viable: requires single argument 'context', but no arguments were provided
  V8_WARN_UNUSED_RESULT MaybeLocal<Object> ToObject(
                                           ^
/Users/quanth/Library/Caches/node-gyp/12.11.0/include/node/v8.h:2590:31: note: candidate function not viable: requires single argument 'isolate', but no arguments were provided
                Local<Object> ToObject(Isolate* isolate) const);
                              ^
../src/bufferutil.cc:90:39: error: no matching member function for call to 'ToObject'
    Local<Object> mask_obj = info[1]->ToObject();
                             ~~~~~~~~~^~~~~~~~
/Users/quanth/Library/Caches/node-gyp/12.11.0/include/node/v8.h:2576:44: note: candidate function not viable: requires single argument 'context', but no arguments were provided
  V8_WARN_UNUSED_RESULT MaybeLocal<Object> ToObject(
                                           ^
/Users/quanth/Library/Caches/node-gyp/12.11.0/include/node/v8.h:2590:31: note: candidate function not viable: requires single argument 'isolate', but no arguments were provided
                Local<Object> ToObject(Isolate* isolate) const);
                              ^
../src/bufferutil.cc:92:41: error: no matching member function for call to 'ToObject'
    Local<Object> output_obj = info[2]->ToObject();
                               ~~~~~~~~~^~~~~~~~
/Users/quanth/Library/Caches/node-gyp/12.11.0/include/node/v8.h:2576:44: note: candidate function not viable: requires single argument 'context', but no arguments were provided
  V8_WARN_UNUSED_RESULT MaybeLocal<Object> ToObject(
                                           ^
/Users/quanth/Library/Caches/node-gyp/12.11.0/include/node/v8.h:2590:31: note: candidate function not viable: requires single argument 'isolate', but no arguments were provided
                Local<Object> ToObject(Isolate* isolate) const);
                              ^
../src/bufferutil.cc:93:51: error: too few arguments to function call, single argument 'context' was not specified
    unsigned int dataOffset = info[3]->Int32Value();
                              ~~~~~~~~~~~~~~~~~~~ ^
/Users/quanth/Library/Caches/node-gyp/12.11.0/include/node/v8.h:2613:3: note: 'Int32Value' declared here
  V8_WARN_UNUSED_RESULT Maybe<int32_t> Int32Value(Local<Context> context) const;
  ^
/Users/quanth/Library/Caches/node-gyp/12.11.0/include/node/v8config.h:351:31: note: expanded from macro 'V8_WARN_UNUSED_RESULT'
#define V8_WARN_UNUSED_RESULT __attribute__((warn_unused_result))
                              ^
../src/bufferutil.cc:94:47: error: too few arguments to function call, single argument 'context' was not specified
    unsigned int length = info[4]->Int32Value();
                          ~~~~~~~~~~~~~~~~~~~ ^
/Users/quanth/Library/Caches/node-gyp/12.11.0/include/node/v8.h:2613:3: note: 'Int32Value' declared here
  V8_WARN_UNUSED_RESULT Maybe<int32_t> Int32Value(Local<Context> context) const;
  ^
/Users/quanth/Library/Caches/node-gyp/12.11.0/include/node/v8config.h:351:31: note: expanded from macro 'V8_WARN_UNUSED_RESULT'
#define V8_WARN_UNUSED_RESULT __attribute__((warn_unused_result))
                              ^
1 warning and 10 errors generated.
make: *** [Release/obj.target/bufferutil/src/bufferutil.o] Error 1
gyp ERR! build error 
gyp ERR! stack Error: `make` failed with exit code: 2
gyp ERR! stack     at ChildProcess.onExit (/usr/local/lib/node_modules/npm/node_modules/node-gyp/lib/build.js:194:23)
gyp ERR! stack     at ChildProcess.emit (events.js:210:5)
gyp ERR! stack     at Process.ChildProcess._handle.onexit (internal/child_process.js:272:12)
gyp ERR! System Darwin 18.7.0
gyp ERR! command "/usr/local/bin/node" "/usr/local/lib/node_modules/npm/node_modules/node-gyp/bin/node-gyp.js" "rebuild"
gyp ERR! cwd /Users/quanth/Documents/DecentralizedTwitter/node_modules/@web3-js/websocket
gyp ERR! node -v v12.11.0
gyp ERR! node-gyp -v v5.0.5
gyp ERR! not ok 
